[2023-05-20 12:05:03][1] Processing: App\Jobs\GeneraOrdenes
[2023-05-20 12:05:04][1] Failed:     App\Jobs\GeneraOrdenes
[2023-05-20 12:05:04][2] Processing: App\Jobs\GeneraOrdenes
[2023-05-20 12:05:04][2] Failed:     App\Jobs\GeneraOrdenes
[2023-05-20 12:05:04][3] Processing: App\Jobs\GeneraOrdenes
[2023-05-20 12:05:05][3] Failed:     App\Jobs\GeneraOrdenes
[2023-05-20 12:05:05][4] Processing: App\Jobs\GeneraOrdenes
[2023-05-20 12:05:05][4] Failed:     App\Jobs\GeneraOrdenes
[2023-05-20 12:05:41][5] Processing: App\Jobs\GeneraOrdenes
[2023-05-20 12:05:41][5] Failed:     App\Jobs\GeneraOrdenes
[2023-05-20 12:06:33][6] Processing: App\Jobs\GeneraOrdenes
[2023-05-20 12:06:33][6] Failed:     App\Jobs\GeneraOrdenes
[2023-05-20 12:08:30][7] Processing: App\Jobs\GeneraOrdenes
[2023-05-20 12:08:31][7] Failed:     App\Jobs\GeneraOrdenes
[2023-05-20 12:09:25][8] Processing: App\Jobs\GeneraOrdenes
[2023-05-20 12:09:25][8] Failed:     App\Jobs\GeneraOrdenes
[2023-05-20 12:25:59][9] Processing: App\Jobs\GeneraOrdenes
[2023-05-20 12:26:00][9] Failed:     App\Jobs\GeneraOrdenes
[2023-05-20 12:27:21][10] Processing: App\Jobs\GeneraOrdenes
[2023-05-20 12:27:21][10] Failed:     App\Jobs\GeneraOrdenes
[2023-05-20 12:36:52][11] Processing: App\Jobs\GeneraOrdenes
[2023-05-20 12:36:52][11] Failed:     App\Jobs\GeneraOrdenes
[2023-05-20 12:37:13][12] Processing: App\Jobs\GeneraOrdenes
[2023-05-20 12:37:13][12] Failed:     App\Jobs\GeneraOrdenes
[2023-05-20 12:40:06][13] Processing: App\Jobs\GeneraOrdenes
[2023-05-20 12:40:07][13] Failed:     App\Jobs\GeneraOrdenes
[2023-05-20 12:40:43][14] Processing: App\Jobs\GeneraOrdenes
[2023-05-20 12:40:43][14] Failed:     App\Jobs\GeneraOrdenes
[2023-05-20 12:43:04][15] Processing: App\Jobs\GeneraOrdenes
[2023-05-20 12:43:05][15] Failed:     App\Jobs\GeneraOrdenes
[2023-05-20 12:46:20][16] Processing: App\Jobs\GeneraOrdenes
[2023-05-20 12:46:21][16] Failed:     App\Jobs\GeneraOrdenes
[2023-05-20 12:47:42][17] Processing: App\Jobs\GeneraOrdenes
[2023-05-20 12:47:42][17] Failed:     App\Jobs\GeneraOrdenes
[2023-05-20 12:49:24][18] Processing: App\Jobs\GeneraOrdenes
[2023-05-20 12:49:24][18] Failed:     App\Jobs\GeneraOrdenes
[2023-05-20 12:51:43][19] Processing: App\Jobs\GeneraOrdenes
[2023-05-20 12:51:43][19] Failed:     App\Jobs\GeneraOrdenes
[2023-05-20 12:52:50][20] Processing: App\Jobs\GeneraOrdenes
[2023-05-20 12:52:50][20] Failed:     App\Jobs\GeneraOrdenes
[2023-05-20 12:53:44][21] Processing: App\Jobs\GeneraOrdenes
[2023-05-20 12:53:45][21] Failed:     App\Jobs\GeneraOrdenes
[2023-05-20 21:22:47][22] Processing: App\Jobs\GeneraOrdenes
[2023-05-20 21:22:47][22] Failed:     App\Jobs\GeneraOrdenes
[2023-05-20 21:24:12][23] Processing: App\Jobs\GeneraOrdenes
[2023-05-20 21:24:13][23] Failed:     App\Jobs\GeneraOrdenes
[2023-05-20 21:25:02][24] Processing: App\Jobs\GeneraOrdenes
[2023-05-20 21:25:03][24] Failed:     App\Jobs\GeneraOrdenes
[2023-05-20 21:27:31][25] Processing: App\Jobs\GeneraOrdenes
[2023-05-20 21:27:32][25] Failed:     App\Jobs\GeneraOrdenes
[2023-05-20 21:28:22][26] Processing: App\Jobs\GeneraOrdenes
[2023-05-20 21:28:23][26] Processed:  App\Jobs\GeneraOrdenes
[2023-05-20 21:31:07][27] Processing: App\Jobs\GeneraOrdenes
[2023-05-20 21:31:07][27] Processed:  App\Jobs\GeneraOrdenes
[2023-05-20 21:33:34][28] Processing: App\Jobs\GeneraOrdenes
[2023-05-20 21:33:35][28] Processed:  App\Jobs\GeneraOrdenes
[2023-05-20 21:34:13][29] Processing: App\Jobs\GeneraOrdenes
[2023-05-20 21:34:14][29] Failed:     App\Jobs\GeneraOrdenes
[2023-05-20 21:35:20][30] Processing: App\Jobs\GeneraOrdenes
[2023-05-20 21:35:20][30] Failed:     App\Jobs\GeneraOrdenes
[2023-05-20 21:37:13][31] Processing: App\Jobs\GeneraOrdenes
[2023-05-20 21:37:13][31] Processed:  App\Jobs\GeneraOrdenes
[2023-05-20 21:37:16][32] Processing: App\Jobs\GeneraOrdenes
[2023-05-20 21:37:17][32] Processed:  App\Jobs\GeneraOrdenes
[2023-05-21 16:01:54][33] Processing: App\Jobs\GeneraOrdenes
[2023-05-21 16:01:55][33] Failed:     App\Jobs\GeneraOrdenes
[2023-05-21 16:06:26][34] Processing: App\Jobs\GeneraOrdenes
[2023-05-21 16:06:42][34] Processed:  App\Jobs\GeneraOrdenes
[2023-05-21 16:19:17][35] Processing: App\Jobs\GeneraOrdenes
[2023-05-21 16:20:17][35] Failed:     App\Jobs\GeneraOrdenes
[2023-05-21 16:30:34][36] Processing: App\Jobs\GeneraOrdenes
[2023-05-21 16:31:35][36] Failed:     App\Jobs\GeneraOrdenes
[2023-05-21 16:40:20][38] Processing: App\Jobs\GeneraOrdenes
[2023-05-21 16:41:20][38] Failed:     App\Jobs\GeneraOrdenes
[2023-05-21 16:55:20][39] Processing: App\Jobs\GeneraOrdenes
[2023-05-21 16:56:21][39] Failed:     App\Jobs\GeneraOrdenes
[2023-05-21 17:07:02][40] Processing: App\Jobs\GeneraOrdenes
[2023-05-21 17:08:02][40] Failed:     App\Jobs\GeneraOrdenes
[2023-05-21 17:12:01][41] Processing: App\Jobs\GeneraOrdenes
[2023-05-21 17:12:01][41] Failed:     App\Jobs\GeneraOrdenes
[2023-05-21 17:12:01][42] Processing: App\Jobs\GeneraOrdenes
[2023-05-21 17:12:02][42] Failed:     App\Jobs\GeneraOrdenes
[2023-05-21 17:12:08][43] Processing: App\Jobs\GeneraOrdenes
[2023-05-21 17:13:08][43] Failed:     App\Jobs\GeneraOrdenes
[2023-05-21 17:54:00][45] Processing: App\Jobs\GeneraOrdenes
[2023-05-21 17:54:01][45] Failed:     App\Jobs\GeneraOrdenes
[2023-05-21 17:54:29][46] Processing: App\Jobs\GeneraOrdenes
[2023-05-21 18:02:49][46] Processed:  App\Jobs\GeneraOrdenes
[2023-05-21 18:37:28][47] Processing: App\Jobs\GeneraOrdenes
[2023-05-21 18:37:28][47] Failed:     App\Jobs\GeneraOrdenes
[2023-05-21 18:37:56][48] Processing: App\Jobs\GeneraOrdenes
[2023-05-21 22:47:58][48] Processed:  App\Jobs\GeneraOrdenes
[2023-05-22 11:05:09][49] Processing: App\Jobs\GeneraOrdenes
[2023-05-22 11:05:10][50] Processing: App\Jobs\GeneraOrdenes
[2023-05-22 11:05:11][51] Processing: App\Jobs\GeneraOrdenes
[2023-05-22 11:05:12][52] Processing: App\Jobs\GeneraOrdenes
[2023-05-22 11:05:12][53] Processing: App\Jobs\GeneraOrdenes
[2023-05-22 11:05:13][53] Failed:     App\Jobs\GeneraOrdenes
[2023-05-22 11:08:31][54] Processing: App\Jobs\GeneraOrdenes
[2023-05-22 11:08:32][55] Processing: App\Jobs\GeneraOrdenes
[2023-05-22 11:08:33][56] Processing: App\Jobs\GeneraOrdenes
[2023-05-22 11:08:33][57] Processing: App\Jobs\GeneraOrdenes
[2023-05-22 11:08:34][58] Processing: App\Jobs\GeneraOrdenes
[2023-05-22 11:08:34][58] Failed:     App\Jobs\GeneraOrdenes
[2023-05-22 11:18:10][59] Processing: App\Jobs\GeneraOrdenes
[2023-05-22 11:18:11][60] Processing: App\Jobs\GeneraOrdenes
[2023-05-22 11:18:11][61] Processing: App\Jobs\GeneraOrdenes
[2023-05-22 11:18:12][62] Processing: App\Jobs\GeneraOrdenes
[2023-05-22 11:18:13][63] Processing: App\Jobs\GeneraOrdenes
[2023-05-22 11:18:13][63] Failed:     App\Jobs\GeneraOrdenes
[2023-05-22 11:25:16][64] Processing: App\Jobs\GeneraOrdenes
[2023-05-22 11:25:17][65] Processing: App\Jobs\GeneraOrdenes
[2023-05-22 11:25:17][66] Processing: App\Jobs\GeneraOrdenes
[2023-05-22 11:25:18][67] Processing: App\Jobs\GeneraOrdenes
[2023-05-22 11:25:19][68] Processing: App\Jobs\GeneraOrdenes
[2023-05-22 11:25:19][68] Failed:     App\Jobs\GeneraOrdenes
[2023-05-22 11:35:06][69] Processing: App\Jobs\GeneraOrdenes
[2023-05-22 11:35:07][70] Processing: App\Jobs\GeneraOrdenes
[2023-05-22 11:35:08][71] Processing: App\Jobs\GeneraOrdenes
[2023-05-22 11:35:08][72] Processing: App\Jobs\GeneraOrdenes
[2023-05-22 11:35:09][73] Processing: App\Jobs\GeneraOrdenes
[2023-05-22 11:35:09][73] Failed:     App\Jobs\GeneraOrdenes
[2023-05-22 11:41:57][74] Processing: App\Jobs\GeneraOrdenes
[2023-05-22 11:41:57][75] Processing: App\Jobs\GeneraOrdenes
[2023-05-22 11:41:58][76] Processing: App\Jobs\GeneraOrdenes
[2023-05-22 11:41:59][77] Processing: App\Jobs\GeneraOrdenes
[2023-05-22 11:41:59][78] Processing: App\Jobs\GeneraOrdenes
[2023-05-22 11:42:00][78] Failed:     App\Jobs\GeneraOrdenes
[2023-05-22 11:44:45][79] Processing: App\Jobs\GeneraOrdenes
[2023-05-22 11:44:45][80] Processing: App\Jobs\GeneraOrdenes
[2023-05-22 11:44:46][81] Processing: App\Jobs\GeneraOrdenes
[2023-05-22 11:44:47][82] Processing: App\Jobs\GeneraOrdenes
[2023-05-22 11:44:47][83] Processing: App\Jobs\GeneraOrdenes
[2023-05-22 11:44:47][83] Failed:     App\Jobs\GeneraOrdenes
[2023-05-22 11:48:02][84] Processing: App\Jobs\GeneraOrdenes
{#1374
  +"id": 569935
  +"fechastr": "Monday, May 22, 2023 11:46:00"
  +"fecha": "1684766760000"
  +"open": "4243.500000"
  +"high": "4244.000000"
  +"low": "4243.250000"
  +"close": "4243.750000"
  +"volume": "8.000000"
}
